0 info it worked if it ends with ok
1 verbose cli [ '/usr/local/Cellar/node/6.5.0/bin/node',
1 verbose cli   '/usr/local/bin/npm',
1 verbose cli   'run',
1 verbose cli   'gen-seed-data' ]
2 info using npm@3.10.3
3 info using node@v6.5.0
4 verbose run-script [ 'pregen-seed-data', 'gen-seed-data', 'postgen-seed-data' ]
5 info lifecycle webpack-es6@1.0.0~pregen-seed-data: webpack-es6@1.0.0
6 silly lifecycle webpack-es6@1.0.0~pregen-seed-data: no script for pregen-seed-data, continuing
7 info lifecycle webpack-es6@1.0.0~gen-seed-data: webpack-es6@1.0.0
8 verbose lifecycle webpack-es6@1.0.0~gen-seed-data: unsafe-perm in lifecycle true
9 verbose lifecycle webpack-es6@1.0.0~gen-seed-data: PATH: /usr/local/lib/node_modules/npm/bin/node-gyp-bin:/Users/travis-tiy/TIY-Instructor/lecture-starter-repos/lecture-starter-intro-to-backbone-w-rest/node_modules/.bin:/usr/local/Cellar/node/6.5.0/bin:/usr/local/bin:/usr/bin:/bin:/usr/sbin:/sbin:/usr/local/share/dotnet
10 verbose lifecycle webpack-es6@1.0.0~gen-seed-data: CWD: /Users/travis-tiy/TIY-Instructor/lecture-starter-repos/lecture-starter-intro-to-backbone-w-rest
11 silly lifecycle webpack-es6@1.0.0~gen-seed-data: Args: [ '-c', 'NODE_ENV=development node ./src-server/db/seed.js' ]
12 silly lifecycle webpack-es6@1.0.0~gen-seed-data: Returned: code: 1  signal: null
13 info lifecycle webpack-es6@1.0.0~gen-seed-data: Failed to exec gen-seed-data script
14 verbose stack Error: webpack-es6@1.0.0 gen-seed-data: `NODE_ENV=development node ./src-server/db/seed.js`
14 verbose stack Exit status 1
14 verbose stack     at EventEmitter.<anonymous> (/usr/local/lib/node_modules/npm/lib/utils/lifecycle.js:242:16)
14 verbose stack     at emitTwo (events.js:106:13)
14 verbose stack     at EventEmitter.emit (events.js:191:7)
14 verbose stack     at ChildProcess.<anonymous> (/usr/local/lib/node_modules/npm/lib/utils/spawn.js:40:14)
14 verbose stack     at emitTwo (events.js:106:13)
14 verbose stack     at ChildProcess.emit (events.js:191:7)
14 verbose stack     at maybeClose (internal/child_process.js:877:16)
14 verbose stack     at Process.ChildProcess._handle.onexit (internal/child_process.js:226:5)
15 verbose pkgid webpack-es6@1.0.0
16 verbose cwd /Users/travis-tiy/TIY-Instructor/lecture-starter-repos/lecture-starter-intro-to-backbone-w-rest
17 error Darwin 15.6.0
18 error argv "/usr/local/Cellar/node/6.5.0/bin/node" "/usr/local/bin/npm" "run" "gen-seed-data"
19 error node v6.5.0
20 error npm  v3.10.3
21 error code ELIFECYCLE
22 error webpack-es6@1.0.0 gen-seed-data: `NODE_ENV=development node ./src-server/db/seed.js`
22 error Exit status 1
23 error Failed at the webpack-es6@1.0.0 gen-seed-data script 'NODE_ENV=development node ./src-server/db/seed.js'.
23 error Make sure you have the latest version of node.js and npm installed.
23 error If you do, this is most likely a problem with the webpack-es6 package,
23 error not with npm itself.
23 error Tell the author that this fails on your system:
23 error     NODE_ENV=development node ./src-server/db/seed.js
23 error You can get information on how to open an issue for this project with:
23 error     npm bugs webpack-es6
23 error Or if that isn't available, you can get their info via:
23 error     npm owner ls webpack-es6
23 error There is likely additional logging output above.
24 verbose exit [ 1, true ]
